<?xml version="1.0" encoding="UTF-8"?>
<!-- Generated by org.testng.reporters.JUnitReportReporter -->
<testsuite hostname="Yunuss-MacBook-Pro.local" failures="0" tests="1" name="com.syntax.testcases.ExcelWriteDemo" time="0.538" errors="0" timestamp="15 Jun 2019 15:57:03 GMT" skipped="0">
  <testcase classname="com.syntax.testcases.ExcelWriteDemo" name="writeExcel" time="0.538"/>
</testsuite> <!-- com.syntax.testcases.ExcelWriteDemo -->
