<?xml version="1.0" encoding="UTF-8"?>
<!-- Generated by org.testng.reporters.JUnitReportReporter -->
<testsuite hostname="Yunuss-MacBook-Pro.local" failures="0" tests="10" name="com.syntax.practices.ExcetoDataProvider" time="97.926" errors="0" timestamp="15 Jun 2019 18:57:00 GMT" skipped="0">
  <testcase classname="com.syntax.practices.ExcetoDataProvider" name="addEmployee" time="9.348"/>
  <testcase classname="com.syntax.practices.ExcetoDataProvider" name="addEmployee" time="9.989"/>
  <testcase classname="com.syntax.practices.ExcetoDataProvider" name="addEmployee" time="10.256"/>
  <testcase classname="com.syntax.practices.ExcetoDataProvider" name="addEmployee" time="10.214"/>
  <testcase classname="com.syntax.practices.ExcetoDataProvider" name="addEmployee" time="9.402"/>
  <testcase classname="com.syntax.practices.ExcetoDataProvider" name="addEmployee" time="9.779"/>
  <testcase classname="com.syntax.practices.ExcetoDataProvider" name="addEmployee" time="9.566"/>
  <testcase classname="com.syntax.practices.ExcetoDataProvider" name="addEmployee" time="9.587"/>
  <testcase classname="com.syntax.practices.ExcetoDataProvider" name="addEmployee" time="9.992"/>
  <testcase classname="com.syntax.practices.ExcetoDataProvider" name="addEmployee" time="9.793"/>
</testsuite> <!-- com.syntax.practices.ExcetoDataProvider -->
