<?xml version="1.0" encoding="UTF-8"?>
<!-- Generated by org.testng.reporters.JUnitReportReporter -->
<testsuite hostname="Yunuss-MacBook-Pro.local" failures="0" tests="1" name="com.syntax.practices.ExcelFunctionsTest" time="0.416" errors="0" timestamp="15 Jun 2019 17:10:18 GMT" skipped="0">
  <testcase classname="com.syntax.practices.ExcelFunctionsTest" name="excelTest" time="0.416"/>
</testsuite> <!-- com.syntax.practices.ExcelFunctionsTest -->
