<?xml version="1.0" encoding="UTF-8"?>
<!-- Generated by org.testng.reporters.JUnitReportReporter -->
<testsuite hostname="Yunuss-MacBook-Pro.local" failures="0" tests="1" name="com.syntax.testcases.doLogin" time="4.923" errors="0" timestamp="09 Jun 2019 16:39:31 GMT" skipped="0">
  <testcase classname="com.syntax.testcases.doLogin" name="Login" time="4.923"/>
</testsuite> <!-- com.syntax.testcases.doLogin -->
