<?xml version="1.0" encoding="UTF-8"?>
<!-- Generated by org.testng.reporters.JUnitReportReporter -->
<testsuite hostname="Yunuss-MacBook-Pro.local" failures="0" tests="3" name="com.syntax.testcases.LoginPageTest" time="8.593" errors="0" timestamp="09 Jun 2019 19:24:28 GMT" skipped="1">
  <testcase classname="com.syntax.testcases.LoginPageTest" name="doLogin" time="4.602"/>
  <testcase classname="com.syntax.testcases.LoginPageTest" name="negativeLogin" time="3.991"/>
  <testcase classname="com.syntax.testcases.LoginPageTest" name="loginToOrangeHRM">
    <skipped/>
  </testcase> <!-- loginToOrangeHRM -->
</testsuite> <!-- com.syntax.testcases.LoginPageTest -->
