<?xml version="1.0" encoding="UTF-8"?>
<!-- Generated by org.testng.reporters.JUnitReportReporter -->
<testsuite hostname="Yunuss-MacBook-Pro.local" failures="0" tests="1" name="com.syntax.testcases.ExcelDemo" time="0.366" errors="0" timestamp="14 Jun 2019 12:09:01 GMT" skipped="0">
  <testcase classname="com.syntax.testcases.ExcelDemo" name="readExcel" time="0.366"/>
</testsuite> <!-- com.syntax.testcases.ExcelDemo -->
