<?xml version="1.0" encoding="UTF-8"?>
<!-- Generated by org.testng.reporters.JUnitReportReporter -->
<testsuite hostname="Yunuss-MacBook-Pro.local" failures="0" tests="3" name="com.syntax.testcases.AddEmployeeTest2" time="29.476" errors="0" timestamp="14 Jun 2019 12:29:37 GMT" skipped="0">
  <testcase classname="com.syntax.testcases.AddEmployeeTest2" name="addEmployee" time="9.829"/>
  <testcase classname="com.syntax.testcases.AddEmployeeTest2" name="addEmployee" time="9.388"/>
  <testcase classname="com.syntax.testcases.AddEmployeeTest2" name="addEmployee" time="10.259"/>
</testsuite> <!-- com.syntax.testcases.AddEmployeeTest2 -->
