<?xml version="1.0" encoding="UTF-8"?>
<!-- Generated by org.testng.reporters.JUnitReportReporter -->
<testsuite hostname="Yunuss-MacBook-Pro.local" failures="0" tests="1" name="com.syntax.practices.ExcelFunctionsTest" time="0.344" errors="0" timestamp="17 Aug 2019 03:46:30 GMT" skipped="0">
  <testcase classname="com.syntax.practices.ExcelFunctionsTest" name="excelTest" time="0.344"/>
</testsuite> <!-- com.syntax.practices.ExcelFunctionsTest -->
