<?xml version="1.0" encoding="UTF-8"?>
<!-- Generated by org.testng.reporters.JUnitReportReporter -->
<testsuite hostname="Yunuss-MacBook-Pro.local" failures="0" tests="10" name="com.syntax.testcases.TransferDataFromExceToDataprovider" time="93.904" errors="0" timestamp="17 Jun 2019 03:34:33 GMT" skipped="0">
  <testcase classname="com.syntax.testcases.TransferDataFromExceToDataprovider" name="addEmployee" time="9.126"/>
  <testcase classname="com.syntax.testcases.TransferDataFromExceToDataprovider" name="addEmployee" time="9.715"/>
  <testcase classname="com.syntax.testcases.TransferDataFromExceToDataprovider" name="addEmployee" time="9.166"/>
  <testcase classname="com.syntax.testcases.TransferDataFromExceToDataprovider" name="addEmployee" time="9.283"/>
  <testcase classname="com.syntax.testcases.TransferDataFromExceToDataprovider" name="addEmployee" time="9.218"/>
  <testcase classname="com.syntax.testcases.TransferDataFromExceToDataprovider" name="addEmployee" time="9.269"/>
  <testcase classname="com.syntax.testcases.TransferDataFromExceToDataprovider" name="addEmployee" time="9.496"/>
  <testcase classname="com.syntax.testcases.TransferDataFromExceToDataprovider" name="addEmployee" time="9.012"/>
  <testcase classname="com.syntax.testcases.TransferDataFromExceToDataprovider" name="addEmployee" time="9.715"/>
  <testcase classname="com.syntax.testcases.TransferDataFromExceToDataprovider" name="addEmployee" time="9.904"/>
</testsuite> <!-- com.syntax.testcases.TransferDataFromExceToDataprovider -->
