<?xml version="1.0" encoding="UTF-8"?>
<!-- Generated by org.testng.reporters.JUnitReportReporter -->
<testsuite hostname="Yunuss-MacBook-Pro.local" failures="0" tests="2" name="com.syntax.testcases.LoginPageTest1" time="4.951" errors="0" timestamp="16 Jun 2019 19:07:38 GMT" skipped="2">
  <testcase classname="com.syntax.testcases.LoginPageTest1" name="doLogin" time="2.439">
    <skipped/>
  </testcase> <!-- doLogin -->
  <testcase classname="com.syntax.testcases.LoginPageTest1" name="loginToOrangeHRM" time="2.512">
    <skipped/>
  </testcase> <!-- loginToOrangeHRM -->
</testsuite> <!-- com.syntax.testcases.LoginPageTest1 -->
